Using pre-set license
Built from '2021.3/staging' branch; Version is '2021.3.13f1 (9e7d58001ecf) revision 10386776'; Using compiler version '192829333'; Build Type 'Release'
OS: 'Windows 10  (10.0.19045) 64bit Core' Language: 'pl' Physical Memory: 16343 MB
BatchMode: 1, IsHumanControllingUs: 0, StartBugReporterOnCrash: 0, Is64bit: 1, IsPro: 1

COMMAND LINE ARGUMENTS:
C:\Program Files\Unity\Hub\Editor\2021.3.13f1\Editor\Unity.exe
-adb2
-batchMode
-noUpm
-name
AssetImportWorker0
-projectPath
D:/Projekty/Karcianka/Karcianka
-logFile
Logs/AssetImportWorker0.log
-srvPort
60152
Successfully changed project path to: D:/Projekty/Karcianka/Karcianka
D:/Projekty/Karcianka/Karcianka
[UnityMemory] Configuration Parameters - Can be set up in boot.config
    "memorysetup-bucket-allocator-granularity=16"
    "memorysetup-bucket-allocator-bucket-count=8"
    "memorysetup-bucket-allocator-block-size=33554432"
    "memorysetup-bucket-allocator-block-count=8"
    "memorysetup-main-allocator-block-size=16777216"
    "memorysetup-thread-allocator-block-size=16777216"
    "memorysetup-gfx-main-allocator-block-size=16777216"
    "memorysetup-gfx-thread-allocator-block-size=16777216"
    "memorysetup-cache-allocator-block-size=4194304"
    "memorysetup-typetree-allocator-block-size=2097152"
    "memorysetup-profiler-bucket-allocator-granularity=16"
    "memorysetup-profiler-bucket-allocator-bucket-count=8"
    "memorysetup-profiler-bucket-allocator-block-size=33554432"
    "memorysetup-profiler-bucket-allocator-block-count=8"
    "memorysetup-profiler-allocator-block-size=16777216"
    "memorysetup-profiler-editor-allocator-block-size=1048576"
    "memorysetup-temp-allocator-size-main=16777216"
    "memorysetup-job-temp-allocator-block-size=2097152"
    "memorysetup-job-temp-allocator-block-size-background=1048576"
    "memorysetup-job-temp-allocator-reduction-small-platforms=262144"
    "memorysetup-temp-allocator-size-background-worker=32768"
    "memorysetup-temp-allocator-size-job-worker=262144"
    "memorysetup-temp-allocator-size-preload-manager=33554432"
    "memorysetup-temp-allocator-size-nav-mesh-worker=65536"
    "memorysetup-temp-allocator-size-audio-worker=65536"
    "memorysetup-temp-allocator-size-cloud-worker=32768"
    "memorysetup-temp-allocator-size-gi-baking-worker=262144"
    "memorysetup-temp-allocator-size-gfx=262144"
Refreshing native plugins compatible for Editor in 106.10 ms, found 3 plugins.
Preloading 0 native plugins for Editor in 0.00 ms.
Initialize engine version: 2021.3.13f1 (9e7d58001ecf)
[Subsystems] Discovering subsystems at path C:/Program Files/Unity/Hub/Editor/2021.3.13f1/Editor/Data/Resources/UnitySubsystems
[Subsystems] Discovering subsystems at path D:/Projekty/Karcianka/Karcianka/Assets
GfxDevice: creating device client; threaded=0; jobified=0
Direct3D:
    Version:  Direct3D 11.0 [level 11.1]
    Renderer: NVIDIA GeForce GTX 1060 6GB (ID=0x1c03)
    Vendor:   NVIDIA
    VRAM:     6043 MB
    Driver:   31.0.15.2849
Initialize mono
Mono path[0] = 'C:/Program Files/Unity/Hub/Editor/2021.3.13f1/Editor/Data/Managed'
Mono path[1] = 'C:/Program Files/Unity/Hub/Editor/2021.3.13f1/Editor/Data/MonoBleedingEdge/lib/mono/unityjit-win32'
Mono config path = 'C:/Program Files/Unity/Hub/Editor/2021.3.13f1/Editor/Data/MonoBleedingEdge/etc'
Using monoOptions --debugger-agent=transport=dt_socket,embedding=1,server=y,suspend=n,address=127.0.0.1:56972
Begin MonoManager ReloadAssembly
Registering precompiled unity dll's ...
Register platform support module: C:/Program Files/Unity/Hub/Editor/2021.3.13f1/Editor/Data/PlaybackEngines/WindowsStandaloneSupport/UnityEditor.WindowsStandalone.Extensions.dll
Registered in 0.023050 seconds.
Native extension for WindowsStandalone target not found
Refreshing native plugins compatible for Editor in 106.43 ms, found 3 plugins.
Preloading 0 native plugins for Editor in 0.00 ms.
Mono: successfully reloaded assembly
- Completed reload, in  0.972 seconds
Domain Reload Profiling:
	ReloadAssembly (973ms)
		BeginReloadAssembly (103ms)
			ExecutionOrderSort (0ms)
			DisableScriptedObjects (0ms)
			BackupInstance (0ms)
			ReleaseScriptingObjects (0ms)
			CreateAndSetChildDomain (1ms)
		EndReloadAssembly (698ms)
			LoadAssemblies (100ms)
			RebuildTransferFunctionScriptingTraits (0ms)
			SetupTypeCache (159ms)
			ReleaseScriptCaches (0ms)
			RebuildScriptCaches (40ms)
			SetupLoadedEditorAssemblies (419ms)
				LogAssemblyErrors (0ms)
				InitializePlatformSupportModulesInManaged (11ms)
				SetLoadedEditorAssemblies (0ms)
				RefreshPlugins (107ms)
				BeforeProcessingInitializeOnLoad (2ms)
				ProcessInitializeOnLoadAttributes (218ms)
				ProcessInitializeOnLoadMethodAttributes (81ms)
				AfterProcessingInitializeOnLoad (0ms)
				EditorAssembliesLoaded (0ms)
			ExecutionOrderSort2 (0ms)
			AwakeInstancesAfterBackupRestoration (0ms)
Platform modules already initialized, skipping
Registering precompiled user dll's ...
Registered in 0.005992 seconds.
Begin MonoManager ReloadAssembly
Symbol file LoadedFromMemory doesn't match image D:\Projekty\Karcianka\Karcianka\Library\PackageCache\com.unity.visualscripting@1.7.8\Editor\VisualScripting.Core\Dependencies\YamlDotNet\Unity.VisualScripting.YamlDotNet.dll
Symbol file LoadedFromMemory doesn't match image D:\Projekty\Karcianka\Karcianka\Library\PackageCache\com.unity.visualscripting@1.7.8\Editor\VisualScripting.Core\Dependencies\DotNetZip\Unity.VisualScripting.IonicZip.dll
Native extension for WindowsStandalone target not found
Refreshing native plugins compatible for Editor in 0.57 ms, found 3 plugins.
Preloading 0 native plugins for Editor in 0.00 ms.
Mono: successfully reloaded assembly
- Completed reload, in  1.340 seconds
Domain Reload Profiling:
	ReloadAssembly (1340ms)
		BeginReloadAssembly (105ms)
			ExecutionOrderSort (0ms)
			DisableScriptedObjects (6ms)
			BackupInstance (0ms)
			ReleaseScriptingObjects (0ms)
			CreateAndSetChildDomain (18ms)
		EndReloadAssembly (1126ms)
			LoadAssemblies (74ms)
			RebuildTransferFunctionScriptingTraits (0ms)
			SetupTypeCache (348ms)
			ReleaseScriptCaches (1ms)
			RebuildScriptCaches (72ms)
			SetupLoadedEditorAssemblies (541ms)
				LogAssemblyErrors (0ms)
				InitializePlatformSupportModulesInManaged (9ms)
				SetLoadedEditorAssemblies (1ms)
				RefreshPlugins (1ms)
				BeforeProcessingInitializeOnLoad (127ms)
				ProcessInitializeOnLoadAttributes (335ms)
				ProcessInitializeOnLoadMethodAttributes (58ms)
				AfterProcessingInitializeOnLoad (11ms)
				EditorAssembliesLoaded (0ms)
			ExecutionOrderSort2 (0ms)
			AwakeInstancesAfterBackupRestoration (9ms)
Platform modules already initialized, skipping
========================================================================
Worker process is ready to serve import requests
Launched and connected shader compiler UnityShaderCompiler.exe after 0.06 seconds
Refreshing native plugins compatible for Editor in 0.75 ms, found 3 plugins.
Preloading 0 native plugins for Editor in 0.00 ms.
Unloading 3402 Unused Serialized files (Serialized files now loaded: 0)
Unloading 27 unused Assets / (113.9 KB). Loaded Objects now: 3860.
Memory consumption went from 118.9 MB to 118.7 MB.
Total: 4.073500 ms (FindLiveObjects: 0.318600 ms CreateObjectMapping: 0.274200 ms MarkObjects: 3.361500 ms  DeleteObjects: 0.118200 ms)

AssetImportParameters requested are different than current active one (requested -> active):
  custom:video-decoder-ogg-theora: a1e56fd34408186e4bbccfd4996cb3dc -> 
  custom:container-muxer-webm: aa71ff27fc2769a1b78a27578f13a17b -> 
  custom:container-demuxer-webm: 4f35f7cbe854078d1ac9338744f61a02 -> 
  custom:video-encoder-webm-vp8: eb34c28f22e8b96e1ab97ce403110664 -> 
  custom:audio-encoder-webm-vorbis: bf7c407c2cedff20999df2af8eb42d56 -> 
  custom:framework-win-MediaFoundation: 216162199b28c13a410421893ffa2e32 -> 
  custom:container-demuxer-ogg: 62fdf1f143b41e24485cea50d1cbac27 -> 
  custom:video-decoder-webm-vp8: 9c59270c3fd7afecdb556c50c9e8de78 -> 
  custom:audio-decoder-ogg-vorbis: bf7c407c2cedff20999df2af8eb42d56 -> 
========================================================================
Received Import Request.
  Time since last request: 13537.496710 seconds.
  path: Assets/Gradients/Logo.asset
  artifactKey: Guid(b8d5463685fc00e4092210a2c21b8e47) Importer(815301076,1909f56bfc062723c751e8b465ee728b)
Start importing Assets/Gradients/Logo.asset using Guid(b8d5463685fc00e4092210a2c21b8e47) Importer(815301076,1909f56bfc062723c751e8b465ee728b)  -> (artifact id: '633b11a6357792bc243885f06834a52f') in 0.041900 seconds 
========================================================================
Received Import Request.
  Time since last request: 0.000022 seconds.
  path: Assets/Gradients
  artifactKey: Guid(cd0ebbbc9cf11374c965bf59e7c2f55f) Importer(815301076,1909f56bfc062723c751e8b465ee728b)
Start importing Assets/Gradients using Guid(cd0ebbbc9cf11374c965bf59e7c2f55f) Importer(815301076,1909f56bfc062723c751e8b465ee728b)  -> (artifact id: 'c5fd701000fbb0189e816292829aded5') in 0.007184 seconds 
========================================================================
Received Import Request.
  Time since last request: 0.000021 seconds.
  path: Assets/Backgrounds
  artifactKey: Guid(ed76cb356a70be4439fae3e0fb0fad35) Importer(815301076,1909f56bfc062723c751e8b465ee728b)
Start importing Assets/Backgrounds using Guid(ed76cb356a70be4439fae3e0fb0fad35) Importer(815301076,1909f56bfc062723c751e8b465ee728b)  -> (artifact id: '7c1c238820775d45155a3f0cbd42dc40') in 0.006982 seconds 
========================================================================
Received Import Request.
  Time since last request: 0.000021 seconds.
  path: Assets/Gradients/MenuText.asset
  artifactKey: Guid(95fd8e43f07df914a874a3d426f5da02) Importer(815301076,1909f56bfc062723c751e8b465ee728b)
Start importing Assets/Gradients/MenuText.asset using Guid(95fd8e43f07df914a874a3d426f5da02) Importer(815301076,1909f56bfc062723c751e8b465ee728b)  -> (artifact id: '7805c1a926262a3ca516a082a15ef120') in 0.006739 seconds 
========================================================================
Received Import Request.
  Time since last request: 0.000025 seconds.
  path: Assets/Backgrounds/desktop-1920x1080.jpg
  artifactKey: Guid(cfbb23ce5876e1249a9eef584614d8f6) Importer(815301076,1909f56bfc062723c751e8b465ee728b)
Start importing Assets/Backgrounds/desktop-1920x1080.jpg using Guid(cfbb23ce5876e1249a9eef584614d8f6) Importer(815301076,1909f56bfc062723c751e8b465ee728b)  -> (artifact id: '0bd5eb6372a5d7784014e38d0e875990') in 0.410840 seconds 
========================================================================
Received Import Request.
  Time since last request: 5.892782 seconds.
  path: Assets/Models
  artifactKey: Guid(08eabd4e15e1f0c439cd46a5df3d8799) Importer(815301076,1909f56bfc062723c751e8b465ee728b)
Start importing Assets/Models using Guid(08eabd4e15e1f0c439cd46a5df3d8799) Importer(815301076,1909f56bfc062723c751e8b465ee728b)  -> (artifact id: '587b91f25b7f6d79af617c0e9424f7c9') in 0.006027 seconds 
========================================================================
Received Import Request.
  Time since last request: 5.962724 seconds.
  path: Assets/Sprites
  artifactKey: Guid(47fe94c95d06f91429c225e2a13eb192) Importer(815301076,1909f56bfc062723c751e8b465ee728b)
Start importing Assets/Sprites using Guid(47fe94c95d06f91429c225e2a13eb192) Importer(815301076,1909f56bfc062723c751e8b465ee728b)  -> (artifact id: 'aff17744eea09eee6a1afdb08dfc1fe4') in 0.006216 seconds 
========================================================================
Received Import Request.
  Time since last request: 3.896863 seconds.
  path: Assets/Textures
  artifactKey: Guid(bf38021ab9470924f8c91d5f1dceed77) Importer(815301076,1909f56bfc062723c751e8b465ee728b)
Start importing Assets/Textures using Guid(bf38021ab9470924f8c91d5f1dceed77) Importer(815301076,1909f56bfc062723c751e8b465ee728b)  -> (artifact id: '17e28c1f2cdd3b39d0847619a25fae85') in 0.006011 seconds 
========================================================================
Received Import Request.
  Time since last request: 0.867308 seconds.
  path: Assets/Textures/chest
  artifactKey: Guid(844acd8b1d3fdc341bc66e3502dc2f82) Importer(815301076,1909f56bfc062723c751e8b465ee728b)
Start importing Assets/Textures/chest using Guid(844acd8b1d3fdc341bc66e3502dc2f82) Importer(815301076,1909f56bfc062723c751e8b465ee728b)  -> (artifact id: '4321ca551dd367bae0db0d91c6db3335') in 0.006881 seconds 
========================================================================
Received Import Request.
  Time since last request: 100.901258 seconds.
  path: Assets/TextMesh Pro
  artifactKey: Guid(f54d1bd14bd3ca042bd867b519fee8cc) Importer(815301076,1909f56bfc062723c751e8b465ee728b)
Start importing Assets/TextMesh Pro using Guid(f54d1bd14bd3ca042bd867b519fee8cc) Importer(815301076,1909f56bfc062723c751e8b465ee728b)  -> (artifact id: '6d457b26d2bc8024e58729449d46e968') in 0.005962 seconds 
========================================================================
Received Import Request.
  Time since last request: 2.969751 seconds.
  path: Assets/Textures/chest/chest_colour.png
  artifactKey: Guid(255f23bd0a45599459f012425cff55b8) Importer(815301076,1909f56bfc062723c751e8b465ee728b)
Start importing Assets/Textures/chest/chest_colour.png using Guid(255f23bd0a45599459f012425cff55b8) Importer(815301076,1909f56bfc062723c751e8b465ee728b)  -> (artifact id: '3d34a75dd16813b422d45ea1f8cb0163') in 0.023533 seconds 
========================================================================
Received Import Request.
  Time since last request: 0.000053 seconds.
  path: Assets/Textures/chest/chest_rough.png
  artifactKey: Guid(548b1e0b56f1f4a4a8af476fbda14700) Importer(815301076,1909f56bfc062723c751e8b465ee728b)
Start importing Assets/Textures/chest/chest_rough.png using Guid(548b1e0b56f1f4a4a8af476fbda14700) Importer(815301076,1909f56bfc062723c751e8b465ee728b)  -> (artifact id: 'fed56cf3df6dffb841e50a9bb739ebb2') in 0.014486 seconds 
========================================================================
Received Import Request.
  Time since last request: 0.000025 seconds.
  path: Assets/Textures/chest/chest_metal.png
  artifactKey: Guid(301c5d6e3ebb5144588b99552939120c) Importer(815301076,1909f56bfc062723c751e8b465ee728b)
Start importing Assets/Textures/chest/chest_metal.png using Guid(301c5d6e3ebb5144588b99552939120c) Importer(815301076,1909f56bfc062723c751e8b465ee728b)  -> (artifact id: 'f0f8d90b2060dccea1ac5fa4906c0d6c') in 0.017169 seconds 
========================================================================
Received Import Request.
  Time since last request: 0.000031 seconds.
  path: Assets/Textures/chest/chest_metalalt.png
  artifactKey: Guid(a551a6498c32cc44a814910a14a4c37c) Importer(815301076,1909f56bfc062723c751e8b465ee728b)
Start importing Assets/Textures/chest/chest_metalalt.png using Guid(a551a6498c32cc44a814910a14a4c37c) Importer(815301076,1909f56bfc062723c751e8b465ee728b)  -> (artifact id: '9547275994ad656fb33683c61641d4d2') in 0.017400 seconds 
========================================================================
Received Import Request.
  Time since last request: 0.000028 seconds.
  path: Assets/Textures/chest/chest_normal.png
  artifactKey: Guid(7986e35021cae65428c821b0b45cc651) Importer(815301076,1909f56bfc062723c751e8b465ee728b)
Start importing Assets/Textures/chest/chest_normal.png using Guid(7986e35021cae65428c821b0b45cc651) Importer(815301076,1909f56bfc062723c751e8b465ee728b)  -> (artifact id: 'e56c6b58140fd2758f9e0535afbeaa02') in 0.023331 seconds 
========================================================================
Received Import Request.
  Time since last request: 3.498008 seconds.
  path: Assets/Models/chest_asset.fbx
  artifactKey: Guid(e213719f087e96b41881939ff6be3811) Importer(815301076,1909f56bfc062723c751e8b465ee728b)
Start importing Assets/Models/chest_asset.fbx using Guid(e213719f087e96b41881939ff6be3811) Importer(815301076,1909f56bfc062723c751e8b465ee728b)  -> (artifact id: '9a9174dba1cc3a22877126d0a113f141') in 0.649146 seconds 
========================================================================
Received Import Request.
  Time since last request: 9514.034037 seconds.
  path: Assets/Scenes/Menu
  artifactKey: Guid(8a52c1ac39d4c6547af2b6a3358a3bcd) Importer(815301076,1909f56bfc062723c751e8b465ee728b)
Start importing Assets/Scenes/Menu using Guid(8a52c1ac39d4c6547af2b6a3358a3bcd) Importer(815301076,1909f56bfc062723c751e8b465ee728b)  -> (artifact id: '6f596b75bd8108c0b2e7ba77c5f3481a') in 0.008794 seconds 
========================================================================
Received Prepare
Registering precompiled user dll's ...
Registered in 0.004216 seconds.
Begin MonoManager ReloadAssembly
Symbol file LoadedFromMemory doesn't match image D:\Projekty\Karcianka\Karcianka\Library\PackageCache\com.unity.visualscripting@1.7.8\Editor\VisualScripting.Core\Dependencies\YamlDotNet\Unity.VisualScripting.YamlDotNet.dll
Symbol file LoadedFromMemory doesn't match image D:\Projekty\Karcianka\Karcianka\Library\PackageCache\com.unity.visualscripting@1.7.8\Editor\VisualScripting.Core\Dependencies\DotNetZip\Unity.VisualScripting.IonicZip.dll
Native extension for WindowsStandalone target not found
Refreshing native plugins compatible for Editor in 0.66 ms, found 3 plugins.
Preloading 0 native plugins for Editor in 0.00 ms.
Mono: successfully reloaded assembly
- Completed reload, in  1.438 seconds
Domain Reload Profiling:
	ReloadAssembly (1439ms)
		BeginReloadAssembly (445ms)
			ExecutionOrderSort (0ms)
			DisableScriptedObjects (12ms)
			BackupInstance (0ms)
			ReleaseScriptingObjects (0ms)
			CreateAndSetChildDomain (192ms)
		EndReloadAssembly (827ms)
			LoadAssemblies (199ms)
			RebuildTransferFunctionScriptingTraits (0ms)
			SetupTypeCache (301ms)
			ReleaseScriptCaches (1ms)
			RebuildScriptCaches (41ms)
			SetupLoadedEditorAssemblies (359ms)
				LogAssemblyErrors (0ms)
				InitializePlatformSupportModulesInManaged (15ms)
				SetLoadedEditorAssemblies (1ms)
				RefreshPlugins (1ms)
				BeforeProcessingInitializeOnLoad (70ms)
				ProcessInitializeOnLoadAttributes (230ms)
				ProcessInitializeOnLoadMethodAttributes (32ms)
				AfterProcessingInitializeOnLoad (9ms)
				EditorAssembliesLoaded (0ms)
			ExecutionOrderSort2 (0ms)
			AwakeInstancesAfterBackupRestoration (6ms)
Platform modules already initialized, skipping
Refreshing native plugins compatible for Editor in 1.70 ms, found 3 plugins.
Preloading 0 native plugins for Editor in 0.00 ms.
Unloading 3384 Unused Serialized files (Serialized files now loaded: 0)
Unloading 20 unused Assets / (80.4 KB). Loaded Objects now: 3914.
Memory consumption went from 122.4 MB to 122.3 MB.
Total: 3.501200 ms (FindLiveObjects: 0.248500 ms CreateObjectMapping: 0.154900 ms MarkObjects: 2.993900 ms  DeleteObjects: 0.102800 ms)

AssetImportParameters requested are different than current active one (requested -> active):
  custom:video-decoder-ogg-theora: a1e56fd34408186e4bbccfd4996cb3dc -> 
  custom:container-muxer-webm: aa71ff27fc2769a1b78a27578f13a17b -> 
  custom:container-demuxer-webm: 4f35f7cbe854078d1ac9338744f61a02 -> 
  custom:video-encoder-webm-vp8: eb34c28f22e8b96e1ab97ce403110664 -> 
  custom:audio-encoder-webm-vorbis: bf7c407c2cedff20999df2af8eb42d56 -> 
  custom:framework-win-MediaFoundation: 216162199b28c13a410421893ffa2e32 -> 
  custom:container-demuxer-ogg: 62fdf1f143b41e24485cea50d1cbac27 -> 
  custom:video-decoder-webm-vp8: 9c59270c3fd7afecdb556c50c9e8de78 -> 
  custom:audio-decoder-ogg-vorbis: bf7c407c2cedff20999df2af8eb42d56 -> 
========================================================================
Received Prepare
Registering precompiled user dll's ...
Registered in 0.004874 seconds.
Begin MonoManager ReloadAssembly
Symbol file LoadedFromMemory doesn't match image D:\Projekty\Karcianka\Karcianka\Library\PackageCache\com.unity.visualscripting@1.7.8\Editor\VisualScripting.Core\Dependencies\YamlDotNet\Unity.VisualScripting.YamlDotNet.dll
Symbol file LoadedFromMemory doesn't match image D:\Projekty\Karcianka\Karcianka\Library\PackageCache\com.unity.visualscripting@1.7.8\Editor\VisualScripting.Core\Dependencies\DotNetZip\Unity.VisualScripting.IonicZip.dll
Native extension for WindowsStandalone target not found
Refreshing native plugins compatible for Editor in 0.62 ms, found 3 plugins.
Preloading 0 native plugins for Editor in 0.00 ms.
Mono: successfully reloaded assembly
- Completed reload, in  1.320 seconds
Domain Reload Profiling:
	ReloadAssembly (1321ms)
		BeginReloadAssembly (144ms)
			ExecutionOrderSort (0ms)
			DisableScriptedObjects (6ms)
			BackupInstance (0ms)
			ReleaseScriptingObjects (0ms)
			CreateAndSetChildDomain (36ms)
		EndReloadAssembly (1072ms)
			LoadAssemblies (88ms)
			RebuildTransferFunctionScriptingTraits (0ms)
			SetupTypeCache (296ms)
			ReleaseScriptCaches (1ms)
			RebuildScriptCaches (50ms)
			SetupLoadedEditorAssemblies (595ms)
				LogAssemblyErrors (0ms)
				InitializePlatformSupportModulesInManaged (14ms)
				SetLoadedEditorAssemblies (0ms)
				RefreshPlugins (1ms)
				BeforeProcessingInitializeOnLoad (78ms)
				ProcessInitializeOnLoadAttributes (436ms)
				ProcessInitializeOnLoadMethodAttributes (56ms)
				AfterProcessingInitializeOnLoad (10ms)
				EditorAssembliesLoaded (0ms)
			ExecutionOrderSort2 (0ms)
			AwakeInstancesAfterBackupRestoration (8ms)
Platform modules already initialized, skipping
Refreshing native plugins compatible for Editor in 1.54 ms, found 3 plugins.
Preloading 0 native plugins for Editor in 0.00 ms.
Unloading 3384 Unused Serialized files (Serialized files now loaded: 0)
Unloading 20 unused Assets / (80.4 KB). Loaded Objects now: 3917.
Memory consumption went from 122.4 MB to 122.3 MB.
Total: 2.626500 ms (FindLiveObjects: 0.240100 ms CreateObjectMapping: 0.138400 ms MarkObjects: 2.154700 ms  DeleteObjects: 0.092400 ms)

AssetImportParameters requested are different than current active one (requested -> active):
  custom:video-decoder-ogg-theora: a1e56fd34408186e4bbccfd4996cb3dc -> 
  custom:container-muxer-webm: aa71ff27fc2769a1b78a27578f13a17b -> 
  custom:container-demuxer-webm: 4f35f7cbe854078d1ac9338744f61a02 -> 
  custom:video-encoder-webm-vp8: eb34c28f22e8b96e1ab97ce403110664 -> 
  custom:audio-encoder-webm-vorbis: bf7c407c2cedff20999df2af8eb42d56 -> 
  custom:framework-win-MediaFoundation: 216162199b28c13a410421893ffa2e32 -> 
  custom:container-demuxer-ogg: 62fdf1f143b41e24485cea50d1cbac27 -> 
  custom:video-decoder-webm-vp8: 9c59270c3fd7afecdb556c50c9e8de78 -> 
  custom:audio-decoder-ogg-vorbis: bf7c407c2cedff20999df2af8eb42d56 -> 
========================================================================
Received Import Request.
  Time since last request: 1491.307572 seconds.
  path: Assets/Classes
  artifactKey: Guid(5311a6fba7b70b64a85f175b14fa58c5) Importer(815301076,1909f56bfc062723c751e8b465ee728b)
Start importing Assets/Classes using Guid(5311a6fba7b70b64a85f175b14fa58c5) Importer(815301076,1909f56bfc062723c751e8b465ee728b)  -> (artifact id: 'f8191102d2928afd9eb34e454df4864c') in 0.014354 seconds 
========================================================================
Received Import Request.
  Time since last request: 13.494929 seconds.
  path: Assets/Classes/Player.cs
  artifactKey: Guid(349162578966aa741824c0862aaca17e) Importer(815301076,1909f56bfc062723c751e8b465ee728b)
Start importing Assets/Classes/Player.cs using Guid(349162578966aa741824c0862aaca17e) Importer(815301076,1909f56bfc062723c751e8b465ee728b)  -> (artifact id: '7689a67e15b90f7f602d1a2348ddfb8c') in 0.021144 seconds 
========================================================================
Received Prepare
Registering precompiled user dll's ...
Registered in 0.004012 seconds.
Begin MonoManager ReloadAssembly
Symbol file LoadedFromMemory doesn't match image D:\Projekty\Karcianka\Karcianka\Library\PackageCache\com.unity.visualscripting@1.7.8\Editor\VisualScripting.Core\Dependencies\YamlDotNet\Unity.VisualScripting.YamlDotNet.dll
Symbol file LoadedFromMemory doesn't match image D:\Projekty\Karcianka\Karcianka\Library\PackageCache\com.unity.visualscripting@1.7.8\Editor\VisualScripting.Core\Dependencies\DotNetZip\Unity.VisualScripting.IonicZip.dll
Native extension for WindowsStandalone target not found
Refreshing native plugins compatible for Editor in 0.67 ms, found 3 plugins.
Preloading 0 native plugins for Editor in 0.00 ms.
Mono: successfully reloaded assembly
- Completed reload, in  0.957 seconds
Domain Reload Profiling:
	ReloadAssembly (958ms)
		BeginReloadAssembly (135ms)
			ExecutionOrderSort (0ms)
			DisableScriptedObjects (5ms)
			BackupInstance (0ms)
			ReleaseScriptingObjects (0ms)
			CreateAndSetChildDomain (35ms)
		EndReloadAssembly (717ms)
			LoadAssemblies (88ms)
			RebuildTransferFunctionScriptingTraits (0ms)
			SetupTypeCache (248ms)
			ReleaseScriptCaches (1ms)
			RebuildScriptCaches (38ms)
			SetupLoadedEditorAssemblies (312ms)
				LogAssemblyErrors (0ms)
				InitializePlatformSupportModulesInManaged (13ms)
				SetLoadedEditorAssemblies (0ms)
				RefreshPlugins (1ms)
				BeforeProcessingInitializeOnLoad (64ms)
				ProcessInitializeOnLoadAttributes (194ms)
				ProcessInitializeOnLoadMethodAttributes (29ms)
				AfterProcessingInitializeOnLoad (11ms)
				EditorAssembliesLoaded (0ms)
			ExecutionOrderSort2 (0ms)
			AwakeInstancesAfterBackupRestoration (6ms)
Platform modules already initialized, skipping
Refreshing native plugins compatible for Editor in 1.72 ms, found 3 plugins.
Preloading 0 native plugins for Editor in 0.00 ms.
Unloading 3385 Unused Serialized files (Serialized files now loaded: 0)
Unloading 20 unused Assets / (80.5 KB). Loaded Objects now: 3921.
Memory consumption went from 122.4 MB to 122.3 MB.
Total: 3.078900 ms (FindLiveObjects: 0.271000 ms CreateObjectMapping: 0.140000 ms MarkObjects: 2.571400 ms  DeleteObjects: 0.095700 ms)

AssetImportParameters requested are different than current active one (requested -> active):
  custom:video-decoder-ogg-theora: a1e56fd34408186e4bbccfd4996cb3dc -> 
  custom:container-muxer-webm: aa71ff27fc2769a1b78a27578f13a17b -> 
  custom:container-demuxer-webm: 4f35f7cbe854078d1ac9338744f61a02 -> 
  custom:video-encoder-webm-vp8: eb34c28f22e8b96e1ab97ce403110664 -> 
  custom:audio-encoder-webm-vorbis: bf7c407c2cedff20999df2af8eb42d56 -> 
  custom:framework-win-MediaFoundation: 216162199b28c13a410421893ffa2e32 -> 
  custom:container-demuxer-ogg: 62fdf1f143b41e24485cea50d1cbac27 -> 
  custom:video-decoder-webm-vp8: 9c59270c3fd7afecdb556c50c9e8de78 -> 
  custom:audio-decoder-ogg-vorbis: bf7c407c2cedff20999df2af8eb42d56 -> 
